This file contains any messages produced by compilers while
running configure, to aid debugging if configure makes a mistake.

It was created by memcached configure 1.2.5, which was
generated by GNU Autoconf 2.61.  Invocation command line was

  $ ./configure 

## --------- ##
## Platform. ##
## --------- ##

hostname = sdp
uname -m = x86_64
uname -r = 5.4.0-80-generic
uname -s = Linux
uname -v = #90-Ubuntu SMP Fri Jul 9 22:49:44 UTC 2021

/usr/bin/uname -p = x86_64
/bin/uname -X     = unknown

/bin/arch              = x86_64
/usr/bin/arch -k       = unknown
/usr/convex/getsysinfo = unknown
/usr/bin/hostinfo      = unknown
/bin/machine           = unknown
/usr/bin/oslevel       = unknown
/bin/universe          = unknown

PATH: /root/.cargo/bin
PATH: /usr/local/sbin
PATH: /usr/local/bin
PATH: /usr/sbin
PATH: /usr/bin
PATH: /sbin
PATH: /bin
PATH: /usr/games
PATH: /usr/local/games
PATH: /snap/bin


## ----------- ##
## Core tests. ##
## ----------- ##

configure:1782: checking build system type
configure:1800: result: x86_64-unknown-linux-gnu
configure:1822: checking host system type
configure:1837: result: x86_64-unknown-linux-gnu
configure:1859: checking target system type
configure:1874: result: x86_64-unknown-linux-gnu
configure:1917: checking for a BSD-compatible install
configure:1973: result: /usr/bin/install -c
configure:1984: checking whether build environment is sane
configure:2027: result: yes
configure:2092: checking for gawk
configure:2108: found /usr/bin/gawk
configure:2119: result: gawk
configure:2130: checking whether make sets $(MAKE)
configure:2151: result: yes
configure:2386: checking for gcc
configure:2402: found /usr/bin/gcc
configure:2413: result: gcc
configure:2651: checking for C compiler version
configure:2658: gcc --version >&5
gcc (Ubuntu 9.3.0-17ubuntu1~20.04) 9.3.0
Copyright (C) 2019 Free Software Foundation, Inc.
This is free software; see the source for copying conditions.  There is NO
warranty; not even for MERCHANTABILITY or FITNESS FOR A PARTICULAR PURPOSE.

configure:2661: $? = 0
configure:2668: gcc -v >&5
Using built-in specs.
COLLECT_GCC=gcc
COLLECT_LTO_WRAPPER=/usr/lib/gcc/x86_64-linux-gnu/9/lto-wrapper
OFFLOAD_TARGET_NAMES=nvptx-none:hsa
OFFLOAD_TARGET_DEFAULT=1
Target: x86_64-linux-gnu
Configured with: ../src/configure -v --with-pkgversion='Ubuntu 9.3.0-17ubuntu1~20.04' --with-bugurl=file:///usr/share/doc/gcc-9/README.Bugs --enable-languages=c,ada,c++,go,brig,d,fortran,objc,obj-c++,gm2 --prefix=/usr --with-gcc-major-version-only --program-suffix=-9 --program-prefix=x86_64-linux-gnu- --enable-shared --enable-linker-build-id --libexecdir=/usr/lib --without-included-gettext --enable-threads=posix --libdir=/usr/lib --enable-nls --enable-clocale=gnu --enable-libstdcxx-debug --enable-libstdcxx-time=yes --with-default-libstdcxx-abi=new --enable-gnu-unique-object --disable-vtable-verify --enable-plugin --enable-default-pie --with-system-zlib --with-target-system-zlib=auto --enable-objc-gc=auto --enable-multiarch --disable-werror --with-arch-32=i686 --with-abi=m64 --with-multilib-list=m32,m64,mx32 --enable-multilib --with-tune=generic --enable-offload-targets=nvptx-none=/build/gcc-9-HskZEa/gcc-9-9.3.0/debian/tmp-nvptx/usr,hsa --without-cuda-driver --enable-checking=release --build=x86_64-linux-gnu --host=x86_64-linux-gnu --target=x86_64-linux-gnu
Thread model: posix
gcc version 9.3.0 (Ubuntu 9.3.0-17ubuntu1~20.04) 
configure:2671: $? = 0
configure:2678: gcc -V >&5
gcc: error: unrecognized command line option '-V'
gcc: fatal error: no input files
compilation terminated.
configure:2681: $? = 1
configure:2704: checking for C compiler default output file name
configure:2731: gcc    conftest.c  >&5
configure:2734: $? = 0
configure:2772: result: a.out
configure:2789: checking whether the C compiler works
configure:2799: ./a.out
configure:2802: $? = 0
configure:2819: result: yes
configure:2826: checking whether we are cross compiling
configure:2828: result: no
configure:2831: checking for suffix of executables
configure:2838: gcc -o conftest    conftest.c  >&5
configure:2841: $? = 0
configure:2865: result: 
configure:2871: checking for suffix of object files
configure:2897: gcc -c   conftest.c >&5
configure:2900: $? = 0
configure:2923: result: o
configure:2927: checking whether we are using the GNU C compiler
configure:2956: gcc -c   conftest.c >&5
configure:2962: $? = 0
configure:2979: result: yes
configure:2984: checking whether gcc accepts -g
configure:3014: gcc -c -g  conftest.c >&5
configure:3020: $? = 0
configure:3119: result: yes
configure:3136: checking for gcc option to accept ISO C89
configure:3210: gcc  -c -g -O2  conftest.c >&5
configure:3216: $? = 0
configure:3239: result: none needed
configure:3268: checking for style of include used by make
configure:3296: result: GNU
configure:3324: checking dependency style of gcc
configure:3414: result: gcc3
configure:3432: checking whether gcc and cc understand -c and -o together
configure:3467: gcc -c conftest.c -o conftest2.o >&5
configure:3470: $? = 0
configure:3476: gcc -c conftest.c -o conftest2.o >&5
configure:3479: $? = 0
configure:3490: cc -c conftest.c >&5
configure:3493: $? = 0
configure:3501: cc -c conftest.c -o conftest2.o >&5
configure:3504: $? = 0
configure:3510: cc -c conftest.c -o conftest2.o >&5
configure:3513: $? = 0
configure:3531: result: yes
configure:3569: checking for a BSD-compatible install
configure:3625: result: /usr/bin/install -c
configure:3728: checking for libevent directory
configure:3782: gcc -o conftest -g -O2   conftest.c  -levent >&5
configure:3788: $? = 0
configure:3830: result: (system)
configure:3849: checking for library containing socket
configure:3890: gcc -o conftest -g -O2   conftest.c  -levent >&5
configure:3896: $? = 0
configure:3924: result: none required
configure:3932: checking for library containing gethostbyname
configure:3973: gcc -o conftest -g -O2   conftest.c  -levent >&5
configure:3979: $? = 0
configure:4007: result: none required
configure:4015: checking for library containing mallinfo
configure:4056: gcc -o conftest -g -O2   conftest.c  -levent >&5
configure:4062: $? = 0
configure:4090: result: none required
configure:4099: checking for daemon
configure:4155: gcc -o conftest -g -O2   conftest.c  -levent >&5
configure:4161: $? = 0
configure:4178: result: yes
configure:4201: checking how to run the C preprocessor
configure:4241: gcc -E  conftest.c
configure:4247: $? = 0
configure:4278: gcc -E  conftest.c
conftest.c:11:10: fatal error: ac_nonexistent.h: No such file or directory
   11 | #include <ac_nonexistent.h>
      |          ^~~~~~~~~~~~~~~~~~
compilation terminated.
configure:4284: $? = 1
configure: failed program was:
| /* confdefs.h.  */
| #define PACKAGE_NAME "memcached"
| #define PACKAGE_TARNAME "memcached"
| #define PACKAGE_VERSION "1.2.5"
| #define PACKAGE_STRING "memcached 1.2.5"
| #define PACKAGE_BUGREPORT "brad@danga.com"
| #define PACKAGE "memcached"
| #define VERSION "1.2.5"
| #define HAVE_DAEMON
| /* end confdefs.h.  */
| #include <ac_nonexistent.h>
configure:4317: result: gcc -E
configure:4346: gcc -E  conftest.c
configure:4352: $? = 0
configure:4383: gcc -E  conftest.c
conftest.c:11:10: fatal error: ac_nonexistent.h: No such file or directory
   11 | #include <ac_nonexistent.h>
      |          ^~~~~~~~~~~~~~~~~~
compilation terminated.
configure:4389: $? = 1
configure: failed program was:
| /* confdefs.h.  */
| #define PACKAGE_NAME "memcached"
| #define PACKAGE_TARNAME "memcached"
| #define PACKAGE_VERSION "1.2.5"
| #define PACKAGE_STRING "memcached 1.2.5"
| #define PACKAGE_BUGREPORT "brad@danga.com"
| #define PACKAGE "memcached"
| #define VERSION "1.2.5"
| #define HAVE_DAEMON
| /* end confdefs.h.  */
| #include <ac_nonexistent.h>
configure:4427: checking for grep that handles long lines and -e
configure:4501: result: /usr/bin/grep
configure:4506: checking for egrep
configure:4584: result: /usr/bin/grep -E
configure:4589: checking for ANSI C header files
configure:4619: gcc -c -g -O2  conftest.c >&5
configure:4625: $? = 0
configure:4724: gcc -o conftest -g -O2   conftest.c  -levent >&5
configure:4727: $? = 0
configure:4733: ./conftest
configure:4736: $? = 0
configure:4753: result: yes
configure:4777: checking for sys/types.h
configure:4798: gcc -c -g -O2  conftest.c >&5
configure:4804: $? = 0
configure:4820: result: yes
configure:4777: checking for sys/stat.h
configure:4798: gcc -c -g -O2  conftest.c >&5
configure:4804: $? = 0
configure:4820: result: yes
configure:4777: checking for stdlib.h
configure:4798: gcc -c -g -O2  conftest.c >&5
configure:4804: $? = 0
configure:4820: result: yes
configure:4777: checking for string.h
configure:4798: gcc -c -g -O2  conftest.c >&5
configure:4804: $? = 0
configure:4820: result: yes
configure:4777: checking for memory.h
configure:4798: gcc -c -g -O2  conftest.c >&5
configure:4804: $? = 0
configure:4820: result: yes
configure:4777: checking for strings.h
configure:4798: gcc -c -g -O2  conftest.c >&5
configure:4804: $? = 0
configure:4820: result: yes
configure:4777: checking for inttypes.h
configure:4798: gcc -c -g -O2  conftest.c >&5
configure:4804: $? = 0
configure:4820: result: yes
configure:4777: checking for stdint.h
configure:4798: gcc -c -g -O2  conftest.c >&5
configure:4804: $? = 0
configure:4820: result: yes
configure:4777: checking for unistd.h
configure:4798: gcc -c -g -O2  conftest.c >&5
configure:4804: $? = 0
configure:4820: result: yes
configure:4832: checking for stdbool.h that conforms to C99
configure:4925: gcc -c -g -O2  conftest.c >&5
configure:4931: $? = 0
configure:4946: result: yes
configure:4948: checking for _Bool
configure:4978: gcc -c -g -O2  conftest.c >&5
configure:4984: $? = 0
configure:4999: result: yes
configure:5018: checking for an ANSI C-conforming const
configure:5093: gcc -c -g -O2  conftest.c >&5
configure:5099: $? = 0
configure:5114: result: yes
configure:5134: checking malloc.h usability
configure:5151: gcc -c -g -O2  conftest.c >&5
configure:5157: $? = 0
configure:5171: result: yes
configure:5175: checking malloc.h presence
configure:5190: gcc -E  conftest.c
configure:5196: $? = 0
configure:5210: result: yes
configure:5243: checking for malloc.h
configure:5250: result: yes
configure:5263: checking for struct mallinfo.arena
configure:5295: gcc -c -g -O2  conftest.c >&5
configure:5301: $? = 0
configure:5362: result: yes
configure:5377: checking for socklen_t
configure:5409: gcc -c -g -O2  conftest.c >&5
configure:5415: $? = 0
configure:5435: result: yes
configure:5448: checking for endianness
configure:5486: gcc -o conftest -g -O2   conftest.c  -levent >&5
conftest.c: In function 'main':
conftest.c:31:9: warning: implicit declaration of function 'exit' [-Wimplicit-function-declaration]
   31 |         exit(*c == 1);
      |         ^~~~
conftest.c:31:9: warning: incompatible implicit declaration of built-in function 'exit'
conftest.c:1:1: note: include '<stdlib.h>' or provide a declaration of 'exit'
  +++ |+#include <stdlib.h>
    1 | /* confdefs.h.  */
configure:5489: $? = 0
configure:5495: ./conftest
configure:5498: $? = 1
configure: program exited with status 1
configure: failed program was:
| /* confdefs.h.  */
| #define PACKAGE_NAME "memcached"
| #define PACKAGE_TARNAME "memcached"
| #define PACKAGE_VERSION "1.2.5"
| #define PACKAGE_STRING "memcached 1.2.5"
| #define PACKAGE_BUGREPORT "brad@danga.com"
| #define PACKAGE "memcached"
| #define VERSION "1.2.5"
| #define HAVE_DAEMON
| #define STDC_HEADERS 1
| #define HAVE_SYS_TYPES_H 1
| #define HAVE_SYS_STAT_H 1
| #define HAVE_STDLIB_H 1
| #define HAVE_STRING_H 1
| #define HAVE_MEMORY_H 1
| #define HAVE_STRINGS_H 1
| #define HAVE_INTTYPES_H 1
| #define HAVE_STDINT_H 1
| #define HAVE_UNISTD_H 1
| #define HAVE__BOOL 1
| #define HAVE_STDBOOL_H 1
| #define HAVE_MALLOC_H
| #define HAVE_STRUCT_MALLINFO
| /* end confdefs.h.  */
| 
| int
| main ()
| {
|         long val = 1;
|         char *c = (char *) &val;
|         exit(*c == 1);
| 
|   ;
|   return 0;
| }
| 
configure:5509: result: little
configure:5694: checking for mlockall
configure:5750: gcc -o conftest -g -O2   conftest.c  -levent >&5
configure:5756: $? = 0
configure:5774: result: yes
configure:5788: checking for getpagesizes
configure:5844: gcc -o conftest -g -O2   conftest.c  -levent >&5
/usr/bin/ld: /tmp/ccfoqIsc.o: in function `main':
/root/Yi/WSP-musl/WSP/apps/memcached-1.2.5/conftest.c:61: undefined reference to `getpagesizes'
collect2: error: ld returned 1 exit status
configure:5850: $? = 1
configure: failed program was:
| /* confdefs.h.  */
| #define PACKAGE_NAME "memcached"
| #define PACKAGE_TARNAME "memcached"
| #define PACKAGE_VERSION "1.2.5"
| #define PACKAGE_STRING "memcached 1.2.5"
| #define PACKAGE_BUGREPORT "brad@danga.com"
| #define PACKAGE "memcached"
| #define VERSION "1.2.5"
| #define HAVE_DAEMON
| #define STDC_HEADERS 1
| #define HAVE_SYS_TYPES_H 1
| #define HAVE_SYS_STAT_H 1
| #define HAVE_STDLIB_H 1
| #define HAVE_STRING_H 1
| #define HAVE_MEMORY_H 1
| #define HAVE_STRINGS_H 1
| #define HAVE_INTTYPES_H 1
| #define HAVE_STDINT_H 1
| #define HAVE_UNISTD_H 1
| #define HAVE__BOOL 1
| #define HAVE_STDBOOL_H 1
| #define HAVE_MALLOC_H
| #define HAVE_STRUCT_MALLINFO
| #define ENDIAN_LITTLE 1
| #define HAVE_MLOCKALL 1
| /* end confdefs.h.  */
| /* Define getpagesizes to an innocuous variant, in case <limits.h> declares getpagesizes.
|    For example, HP-UX 11i <limits.h> declares gettimeofday.  */
| #define getpagesizes innocuous_getpagesizes
| 
| /* System header to define __stub macros and hopefully few prototypes,
|     which can conflict with char getpagesizes (); below.
|     Prefer <limits.h> to <assert.h> if __STDC__ is defined, since
|     <limits.h> exists even on freestanding compilers.  */
| 
| #ifdef __STDC__
| # include <limits.h>
| #else
| # include <assert.h>
| #endif
| 
| #undef getpagesizes
| 
| /* Override any GCC internal prototype to avoid an error.
|    Use char because int might match the return type of a GCC
|    builtin and then its argument prototype would still apply.  */
| #ifdef __cplusplus
| extern "C"
| #endif
| char getpagesizes ();
| /* The GNU C library defines this for functions which it implements
|     to always fail with ENOSYS.  Some functions are actually named
|     something starting with __ and the normal name is an alias.  */
| #if defined __stub_getpagesizes || defined __stub___getpagesizes
| choke me
| #endif
| 
| int
| main ()
| {
| return getpagesizes ();
|   ;
|   return 0;
| }
configure:5868: result: no
configure:5882: checking for memcntl
configure:5938: gcc -o conftest -g -O2   conftest.c  -levent >&5
/usr/bin/ld: /tmp/ccrmMgeW.o: in function `main':
/root/Yi/WSP-musl/WSP/apps/memcached-1.2.5/conftest.c:61: undefined reference to `memcntl'
collect2: error: ld returned 1 exit status
configure:5944: $? = 1
configure: failed program was:
| /* confdefs.h.  */
| #define PACKAGE_NAME "memcached"
| #define PACKAGE_TARNAME "memcached"
| #define PACKAGE_VERSION "1.2.5"
| #define PACKAGE_STRING "memcached 1.2.5"
| #define PACKAGE_BUGREPORT "brad@danga.com"
| #define PACKAGE "memcached"
| #define VERSION "1.2.5"
| #define HAVE_DAEMON
| #define STDC_HEADERS 1
| #define HAVE_SYS_TYPES_H 1
| #define HAVE_SYS_STAT_H 1
| #define HAVE_STDLIB_H 1
| #define HAVE_STRING_H 1
| #define HAVE_MEMORY_H 1
| #define HAVE_STRINGS_H 1
| #define HAVE_INTTYPES_H 1
| #define HAVE_STDINT_H 1
| #define HAVE_UNISTD_H 1
| #define HAVE__BOOL 1
| #define HAVE_STDBOOL_H 1
| #define HAVE_MALLOC_H
| #define HAVE_STRUCT_MALLINFO
| #define ENDIAN_LITTLE 1
| #define HAVE_MLOCKALL 1
| /* end confdefs.h.  */
| /* Define memcntl to an innocuous variant, in case <limits.h> declares memcntl.
|    For example, HP-UX 11i <limits.h> declares gettimeofday.  */
| #define memcntl innocuous_memcntl
| 
| /* System header to define __stub macros and hopefully few prototypes,
|     which can conflict with char memcntl (); below.
|     Prefer <limits.h> to <assert.h> if __STDC__ is defined, since
|     <limits.h> exists even on freestanding compilers.  */
| 
| #ifdef __STDC__
| # include <limits.h>
| #else
| # include <assert.h>
| #endif
| 
| #undef memcntl
| 
| /* Override any GCC internal prototype to avoid an error.
|    Use char because int might match the return type of a GCC
|    builtin and then its argument prototype would still apply.  */
| #ifdef __cplusplus
| extern "C"
| #endif
| char memcntl ();
| /* The GNU C library defines this for functions which it implements
|     to always fail with ENOSYS.  Some functions are actually named
|     something starting with __ and the normal name is an alias.  */
| #if defined __stub_memcntl || defined __stub___memcntl
| choke me
| #endif
| 
| int
| main ()
| {
| return memcntl ();
|   ;
|   return 0;
| }
configure:5962: result: no
configure:6081: creating ./config.status

## ---------------------- ##
## Running config.status. ##
## ---------------------- ##

This file was extended by memcached config.status 1.2.5, which was
generated by GNU Autoconf 2.61.  Invocation command line was

  CONFIG_FILES    = 
  CONFIG_HEADERS  = 
  CONFIG_LINKS    = 
  CONFIG_COMMANDS = 
  $ ./config.status 

on sdp

config.status:646: creating Makefile
config.status:646: creating doc/Makefile
config.status:646: creating config.h
config.status:919: executing depfiles commands

## ---------------- ##
## Cache variables. ##
## ---------------- ##

ac_cv_build=x86_64-unknown-linux-gnu
ac_cv_c_compiler_gnu=yes
ac_cv_c_const=yes
ac_cv_c_endian=little
ac_cv_c_socklen_t=yes
ac_cv_env_CC_set=
ac_cv_env_CC_value=
ac_cv_env_CFLAGS_set=
ac_cv_env_CFLAGS_value=
ac_cv_env_CPPFLAGS_set=
ac_cv_env_CPPFLAGS_value=
ac_cv_env_CPP_set=
ac_cv_env_CPP_value=
ac_cv_env_LDFLAGS_set=
ac_cv_env_LDFLAGS_value=
ac_cv_env_LIBS_set=
ac_cv_env_LIBS_value=
ac_cv_env_build_alias_set=
ac_cv_env_build_alias_value=
ac_cv_env_host_alias_set=
ac_cv_env_host_alias_value=
ac_cv_env_target_alias_set=
ac_cv_env_target_alias_value=
ac_cv_func_daemon=yes
ac_cv_func_getpagesizes=no
ac_cv_func_memcntl=no
ac_cv_func_mlockall=yes
ac_cv_header_inttypes_h=yes
ac_cv_header_malloc_h=yes
ac_cv_header_memory_h=yes
ac_cv_header_stdbool_h=yes
ac_cv_header_stdc=yes
ac_cv_header_stdint_h=yes
ac_cv_header_stdlib_h=yes
ac_cv_header_string_h=yes
ac_cv_header_strings_h=yes
ac_cv_header_sys_stat_h=yes
ac_cv_header_sys_types_h=yes
ac_cv_header_unistd_h=yes
ac_cv_host=x86_64-unknown-linux-gnu
ac_cv_libevent_dir='(system)'
ac_cv_member_struct_mallinfo_arena=yes
ac_cv_objext=o
ac_cv_path_EGREP='/usr/bin/grep -E'
ac_cv_path_GREP=/usr/bin/grep
ac_cv_path_install='/usr/bin/install -c'
ac_cv_prog_AWK=gawk
ac_cv_prog_CPP='gcc -E'
ac_cv_prog_ac_ct_CC=gcc
ac_cv_prog_cc_c89=
ac_cv_prog_cc_g=yes
ac_cv_prog_cc_gcc_c_o=yes
ac_cv_prog_make_make_set=yes
ac_cv_search_gethostbyname='none required'
ac_cv_search_mallinfo='none required'
ac_cv_search_socket='none required'
ac_cv_target=x86_64-unknown-linux-gnu
ac_cv_type__Bool=yes
am_cv_CC_dependencies_compiler_type=gcc3

## ----------------- ##
## Output variables. ##
## ----------------- ##

ACLOCAL='${SHELL} /root/Yi/WSP-musl/WSP/apps/memcached-1.2.5/missing --run aclocal-1.9'
AMDEPBACKSLASH='\'
AMDEP_FALSE='#'
AMDEP_TRUE=''
AMTAR='${SHELL} /root/Yi/WSP-musl/WSP/apps/memcached-1.2.5/missing --run tar'
AUTOCONF='${SHELL} /root/Yi/WSP-musl/WSP/apps/memcached-1.2.5/missing --run autoconf'
AUTOHEADER='${SHELL} /root/Yi/WSP-musl/WSP/apps/memcached-1.2.5/missing --run autoheader'
AUTOMAKE='${SHELL} /root/Yi/WSP-musl/WSP/apps/memcached-1.2.5/missing --run automake-1.9'
AWK='gawk'
CC='gcc'
CCDEPMODE='depmode=gcc3'
CFLAGS='-g -O2'
CPP='gcc -E'
CPPFLAGS=''
CYGPATH_W='echo'
DEFS='-DHAVE_CONFIG_H'
DEPDIR='.deps'
ECHO_C=''
ECHO_N='-n'
ECHO_T=''
EGREP='/usr/bin/grep -E'
EXEEXT=''
GREP='/usr/bin/grep'
INSTALL_DATA='${INSTALL} -m 644'
INSTALL_PROGRAM='${INSTALL}'
INSTALL_SCRIPT='${INSTALL}'
INSTALL_STRIP_PROGRAM='${SHELL} $(install_sh) -c -s'
LDFLAGS=''
LIBOBJS=''
LIBS=' -levent'
LTLIBOBJS=''
MAKEINFO='${SHELL} /root/Yi/WSP-musl/WSP/apps/memcached-1.2.5/missing --run makeinfo'
OBJEXT='o'
PACKAGE='memcached'
PACKAGE_BUGREPORT='brad@danga.com'
PACKAGE_NAME='memcached'
PACKAGE_STRING='memcached 1.2.5'
PACKAGE_TARNAME='memcached'
PACKAGE_VERSION='1.2.5'
PATH_SEPARATOR=':'
SET_MAKE=''
SHELL='/bin/bash'
STRIP=''
VERSION='1.2.5'
ac_ct_CC='gcc'
am__fastdepCC_FALSE='#'
am__fastdepCC_TRUE=''
am__include='include'
am__leading_dot='.'
am__quote=''
am__tar='${AMTAR} chof - "$$tardir"'
am__untar='${AMTAR} xf -'
bindir='${exec_prefix}/bin'
build='x86_64-unknown-linux-gnu'
build_alias=''
build_cpu='x86_64'
build_os='linux-gnu'
build_vendor='unknown'
datadir='${datarootdir}'
datarootdir='${prefix}/share'
docdir='${datarootdir}/doc/${PACKAGE_TARNAME}'
dvidir='${docdir}'
exec_prefix='${prefix}'
host='x86_64-unknown-linux-gnu'
host_alias=''
host_cpu='x86_64'
host_os='linux-gnu'
host_vendor='unknown'
htmldir='${docdir}'
includedir='${prefix}/include'
infodir='${datarootdir}/info'
install_sh='/root/Yi/WSP-musl/WSP/apps/memcached-1.2.5/install-sh'
libdir='${exec_prefix}/lib'
libexecdir='${exec_prefix}/libexec'
localedir='${datarootdir}/locale'
localstatedir='${prefix}/var'
mandir='${datarootdir}/man'
mkdir_p='mkdir -p --'
oldincludedir='/usr/include'
pdfdir='${docdir}'
prefix='/usr/local'
program_transform_name='s,x,x,'
psdir='${docdir}'
sbindir='${exec_prefix}/sbin'
sharedstatedir='${prefix}/com'
sysconfdir='${prefix}/etc'
target='x86_64-unknown-linux-gnu'
target_alias=''
target_cpu='x86_64'
target_os='linux-gnu'
target_vendor='unknown'

## ----------- ##
## confdefs.h. ##
## ----------- ##

#define PACKAGE_NAME "memcached"
#define PACKAGE_TARNAME "memcached"
#define PACKAGE_VERSION "1.2.5"
#define PACKAGE_STRING "memcached 1.2.5"
#define PACKAGE_BUGREPORT "brad@danga.com"
#define PACKAGE "memcached"
#define VERSION "1.2.5"
#define HAVE_DAEMON
#define STDC_HEADERS 1
#define HAVE_SYS_TYPES_H 1
#define HAVE_SYS_STAT_H 1
#define HAVE_STDLIB_H 1
#define HAVE_STRING_H 1
#define HAVE_MEMORY_H 1
#define HAVE_STRINGS_H 1
#define HAVE_INTTYPES_H 1
#define HAVE_STDINT_H 1
#define HAVE_UNISTD_H 1
#define HAVE__BOOL 1
#define HAVE_STDBOOL_H 1
#define HAVE_MALLOC_H
#define HAVE_STRUCT_MALLINFO
#define ENDIAN_LITTLE 1
#define HAVE_MLOCKALL 1

configure: exit 0
