This file contains any messages produced by compilers while
running configure, to aid debugging if configure makes a mistake.

It was created by memcached configure 1.2.5, which was
generated by GNU Autoconf 2.69.  Invocation command line was

  $ ./configure 

## --------- ##
## Platform. ##
## --------- ##

hostname = AEP1
uname -m = x86_64
uname -r = 5.1.0+
uname -s = Linux
uname -v = #1 SMP Mon Mar 30 09:26:23 PDT 2020

/usr/bin/uname -p = x86_64
/bin/uname -X     = unknown

/bin/arch              = x86_64
/usr/bin/arch -k       = unknown
/usr/convex/getsysinfo = unknown
/usr/bin/hostinfo      = unknown
/bin/machine           = unknown
/usr/bin/oslevel       = unknown
/bin/universe          = unknown

PATH: /usr/local/sbin
PATH: /usr/local/bin
PATH: /usr/sbin
PATH: /usr/bin
PATH: /sbin
PATH: /bin


## ----------- ##
## Core tests. ##
## ----------- ##

configure:2300: checking build system type
configure:2314: result: x86_64-unknown-linux-gnu
configure:2334: checking host system type
configure:2347: result: x86_64-unknown-linux-gnu
configure:2367: checking target system type
configure:2380: result: x86_64-unknown-linux-gnu
configure:2423: checking for a BSD-compatible install
configure:2491: result: /usr/local/bin/install -c
configure:2502: checking whether build environment is sane
configure:2539: result: yes
configure:2601: checking for gawk
configure:2617: found /usr/bin/gawk
configure:2628: result: gawk
configure:2639: checking whether make sets $(MAKE)
configure:2661: result: yes
configure:2890: checking for gcc
configure:2906: found /usr/bin/gcc
configure:2917: result: gcc
configure:3146: checking for C compiler version
configure:3155: gcc --version >&5
gcc (GCC) 7.3.1 20180712 (Red Hat 7.3.1-6)
Copyright (C) 2017 Free Software Foundation, Inc.
This is free software; see the source for copying conditions.  There is NO
warranty; not even for MERCHANTABILITY or FITNESS FOR A PARTICULAR PURPOSE.

configure:3166: $? = 0
configure:3155: gcc -v >&5
Using built-in specs.
COLLECT_GCC=gcc
COLLECT_LTO_WRAPPER=/usr/libexec/gcc/x86_64-redhat-linux/7/lto-wrapper
OFFLOAD_TARGET_NAMES=nvptx-none
OFFLOAD_TARGET_DEFAULT=1
Target: x86_64-redhat-linux
Configured with: ../configure --enable-bootstrap --enable-languages=c,c++,objc,obj-c++,fortran,ada,go,lto --prefix=/usr --mandir=/usr/share/man --infodir=/usr/share/info --with-bugurl=http://bugzilla.redhat.com/bugzilla --enable-shared --enable-threads=posix --enable-checking=release --enable-multilib --with-system-zlib --enable-__cxa_atexit --disable-libunwind-exceptions --enable-gnu-unique-object --enable-linker-build-id --with-gcc-major-version-only --with-linker-hash-style=gnu --enable-plugin --enable-initfini-array --with-isl --enable-libmpx --enable-offload-targets=nvptx-none --without-cuda-driver --enable-gnu-indirect-function --with-tune=generic --with-arch_32=i686 --build=x86_64-redhat-linux
Thread model: posix
gcc version 7.3.1 20180712 (Red Hat 7.3.1-6) (GCC) 
configure:3166: $? = 0
configure:3155: gcc -V >&5
gcc: error: unrecognized command line option '-V'
gcc: fatal error: no input files
compilation terminated.
configure:3166: $? = 1
configure:3155: gcc -qversion >&5
gcc: error: unrecognized command line option '-qversion'; did you mean '--version'?
gcc: fatal error: no input files
compilation terminated.
configure:3166: $? = 1
configure:3186: checking whether the C compiler works
configure:3208: gcc    conftest.c  >&5
configure:3212: $? = 0
configure:3260: result: yes
configure:3263: checking for C compiler default output file name
configure:3265: result: a.out
configure:3271: checking for suffix of executables
configure:3278: gcc -o conftest    conftest.c  >&5
configure:3282: $? = 0
configure:3304: result: 
configure:3326: checking whether we are cross compiling
configure:3334: gcc -o conftest    conftest.c  >&5
configure:3338: $? = 0
configure:3345: ./conftest
configure:3349: $? = 0
configure:3364: result: no
configure:3369: checking for suffix of object files
configure:3391: gcc -c   conftest.c >&5
configure:3395: $? = 0
configure:3416: result: o
configure:3420: checking whether we are using the GNU C compiler
configure:3439: gcc -c   conftest.c >&5
configure:3439: $? = 0
configure:3448: result: yes
configure:3457: checking whether gcc accepts -g
configure:3477: gcc -c -g  conftest.c >&5
configure:3477: $? = 0
configure:3518: result: yes
configure:3535: checking for gcc option to accept ISO C89
configure:3598: gcc  -c -g -O2  conftest.c >&5
configure:3598: $? = 0
configure:3611: result: none needed
configure:3642: checking for style of include used by make
configure:3670: result: GNU
configure:3698: checking dependency style of gcc
configure:3788: result: gcc3
configure:3806: checking whether gcc and cc understand -c and -o together
configure:3837: gcc -c conftest.c -o conftest2.o >&5
configure:3841: $? = 0
configure:3847: gcc -c conftest.c -o conftest2.o >&5
configure:3851: $? = 0
configure:3862: cc -c conftest.c >&5
configure:3866: $? = 0
configure:3874: cc -c conftest.c -o conftest2.o >&5
configure:3878: $? = 0
configure:3884: cc -c conftest.c -o conftest2.o >&5
configure:3888: $? = 0
configure:3906: result: yes
configure:3991: checking for libevent directory
configure:4035: gcc -o conftest -g -O2   conftest.c  -levent >&5
configure:4035: $? = 0
configure:4063: result: (system)
configure:4082: checking for library containing socket
configure:4113: gcc -o conftest -g -O2   conftest.c  -levent >&5
configure:4113: $? = 0
configure:4130: result: none required
configure:4138: checking for library containing gethostbyname
configure:4169: gcc -o conftest -g -O2   conftest.c  -levent >&5
configure:4169: $? = 0
configure:4186: result: none required
configure:4194: checking for library containing mallinfo
configure:4225: gcc -o conftest -g -O2   conftest.c  -levent >&5
configure:4225: $? = 0
configure:4242: result: none required
configure:4251: checking for daemon
configure:4251: gcc -o conftest -g -O2   conftest.c  -levent >&5
configure:4251: $? = 0
configure:4251: result: yes
configure:4271: checking how to run the C preprocessor
configure:4302: gcc -E  conftest.c
configure:4302: $? = 0
configure:4316: gcc -E  conftest.c
conftest.c:12:10: fatal error: ac_nonexistent.h: No such file or directory
 #include <ac_nonexistent.h>
          ^~~~~~~~~~~~~~~~~~
compilation terminated.
configure:4316: $? = 1
configure: failed program was:
| /* confdefs.h */
| #define PACKAGE_NAME "memcached"
| #define PACKAGE_TARNAME "memcached"
| #define PACKAGE_VERSION "1.2.5"
| #define PACKAGE_STRING "memcached 1.2.5"
| #define PACKAGE_BUGREPORT "brad@danga.com"
| #define PACKAGE_URL ""
| #define PACKAGE "memcached"
| #define VERSION "1.2.5"
| #define HAVE_DAEMON /**/
| /* end confdefs.h.  */
| #include <ac_nonexistent.h>
configure:4341: result: gcc -E
configure:4361: gcc -E  conftest.c
configure:4361: $? = 0
configure:4375: gcc -E  conftest.c
conftest.c:12:10: fatal error: ac_nonexistent.h: No such file or directory
 #include <ac_nonexistent.h>
          ^~~~~~~~~~~~~~~~~~
compilation terminated.
configure:4375: $? = 1
configure: failed program was:
| /* confdefs.h */
| #define PACKAGE_NAME "memcached"
| #define PACKAGE_TARNAME "memcached"
| #define PACKAGE_VERSION "1.2.5"
| #define PACKAGE_STRING "memcached 1.2.5"
| #define PACKAGE_BUGREPORT "brad@danga.com"
| #define PACKAGE_URL ""
| #define PACKAGE "memcached"
| #define VERSION "1.2.5"
| #define HAVE_DAEMON /**/
| /* end confdefs.h.  */
| #include <ac_nonexistent.h>
configure:4404: checking for grep that handles long lines and -e
configure:4462: result: /usr/bin/grep
configure:4467: checking for egrep
configure:4529: result: /usr/bin/grep -E
configure:4534: checking for ANSI C header files
configure:4554: gcc -c -g -O2  conftest.c >&5
configure:4554: $? = 0
configure:4627: gcc -o conftest -g -O2   conftest.c  -levent >&5
configure:4627: $? = 0
configure:4627: ./conftest
configure:4627: $? = 0
configure:4638: result: yes
configure:4651: checking for sys/types.h
configure:4651: gcc -c -g -O2  conftest.c >&5
configure:4651: $? = 0
configure:4651: result: yes
configure:4651: checking for sys/stat.h
configure:4651: gcc -c -g -O2  conftest.c >&5
configure:4651: $? = 0
configure:4651: result: yes
configure:4651: checking for stdlib.h
configure:4651: gcc -c -g -O2  conftest.c >&5
configure:4651: $? = 0
configure:4651: result: yes
configure:4651: checking for string.h
configure:4651: gcc -c -g -O2  conftest.c >&5
configure:4651: $? = 0
configure:4651: result: yes
configure:4651: checking for memory.h
configure:4651: gcc -c -g -O2  conftest.c >&5
configure:4651: $? = 0
configure:4651: result: yes
configure:4651: checking for strings.h
configure:4651: gcc -c -g -O2  conftest.c >&5
configure:4651: $? = 0
configure:4651: result: yes
configure:4651: checking for inttypes.h
configure:4651: gcc -c -g -O2  conftest.c >&5
configure:4651: $? = 0
configure:4651: result: yes
configure:4651: checking for stdint.h
configure:4651: gcc -c -g -O2  conftest.c >&5
configure:4651: $? = 0
configure:4651: result: yes
configure:4651: checking for unistd.h
configure:4651: gcc -c -g -O2  conftest.c >&5
configure:4651: $? = 0
configure:4651: result: yes
configure:4663: checking for stdbool.h that conforms to C99
configure:4730: gcc -c -g -O2  conftest.c >&5
configure:4730: $? = 0
configure:4737: result: yes
configure:4739: checking for _Bool
configure:4739: gcc -c -g -O2  conftest.c >&5
configure:4739: $? = 0
configure:4739: gcc -c -g -O2  conftest.c >&5
conftest.c: In function 'main':
conftest.c:58:20: error: expected expression before ')' token
 if (sizeof ((_Bool)))
                    ^
configure:4739: $? = 1
configure: failed program was:
| /* confdefs.h */
| #define PACKAGE_NAME "memcached"
| #define PACKAGE_TARNAME "memcached"
| #define PACKAGE_VERSION "1.2.5"
| #define PACKAGE_STRING "memcached 1.2.5"
| #define PACKAGE_BUGREPORT "brad@danga.com"
| #define PACKAGE_URL ""
| #define PACKAGE "memcached"
| #define VERSION "1.2.5"
| #define HAVE_DAEMON /**/
| #define STDC_HEADERS 1
| #define HAVE_SYS_TYPES_H 1
| #define HAVE_SYS_STAT_H 1
| #define HAVE_STDLIB_H 1
| #define HAVE_STRING_H 1
| #define HAVE_MEMORY_H 1
| #define HAVE_STRINGS_H 1
| #define HAVE_INTTYPES_H 1
| #define HAVE_STDINT_H 1
| #define HAVE_UNISTD_H 1
| /* end confdefs.h.  */
| #include <stdio.h>
| #ifdef HAVE_SYS_TYPES_H
| # include <sys/types.h>
| #endif
| #ifdef HAVE_SYS_STAT_H
| # include <sys/stat.h>
| #endif
| #ifdef STDC_HEADERS
| # include <stdlib.h>
| # include <stddef.h>
| #else
| # ifdef HAVE_STDLIB_H
| #  include <stdlib.h>
| # endif
| #endif
| #ifdef HAVE_STRING_H
| # if !defined STDC_HEADERS && defined HAVE_MEMORY_H
| #  include <memory.h>
| # endif
| # include <string.h>
| #endif
| #ifdef HAVE_STRINGS_H
| # include <strings.h>
| #endif
| #ifdef HAVE_INTTYPES_H
| # include <inttypes.h>
| #endif
| #ifdef HAVE_STDINT_H
| # include <stdint.h>
| #endif
| #ifdef HAVE_UNISTD_H
| # include <unistd.h>
| #endif
| int
| main ()
| {
| if (sizeof ((_Bool)))
| 	    return 0;
|   ;
|   return 0;
| }
configure:4739: result: yes
configure:4756: checking for an ANSI C-conforming const
configure:4822: gcc -c -g -O2  conftest.c >&5
configure:4822: $? = 0
configure:4829: result: yes
configure:4837: checking malloc.h usability
configure:4837: gcc -c -g -O2  conftest.c >&5
configure:4837: $? = 0
configure:4837: result: yes
configure:4837: checking malloc.h presence
configure:4837: gcc -E  conftest.c
configure:4837: $? = 0
configure:4837: result: yes
configure:4837: checking for malloc.h
configure:4837: result: yes
configure:4845: checking for struct mallinfo.arena
configure:4845: gcc -c -g -O2  conftest.c >&5
configure:4845: $? = 0
configure:4845: result: yes
configure:4861: checking for socklen_t
configure:4883: gcc -c -g -O2  conftest.c >&5
configure:4883: $? = 0
configure:4895: result: yes
configure:4906: checking for endianness
configure:4933: gcc -o conftest -g -O2   conftest.c  -levent >&5
conftest.c: In function 'main':
conftest.c:32:9: warning: implicit declaration of function 'exit' [-Wimplicit-function-declaration]
         exit(*c == 1);
         ^~~~
conftest.c:32:9: warning: incompatible implicit declaration of built-in function 'exit'
conftest.c:32:9: note: include '<stdlib.h>' or provide a declaration of 'exit'
configure:4933: $? = 0
configure:4933: ./conftest
configure:4933: $? = 1
configure: program exited with status 1
configure: failed program was:
| /* confdefs.h */
| #define PACKAGE_NAME "memcached"
| #define PACKAGE_TARNAME "memcached"
| #define PACKAGE_VERSION "1.2.5"
| #define PACKAGE_STRING "memcached 1.2.5"
| #define PACKAGE_BUGREPORT "brad@danga.com"
| #define PACKAGE_URL ""
| #define PACKAGE "memcached"
| #define VERSION "1.2.5"
| #define HAVE_DAEMON /**/
| #define STDC_HEADERS 1
| #define HAVE_SYS_TYPES_H 1
| #define HAVE_SYS_STAT_H 1
| #define HAVE_STDLIB_H 1
| #define HAVE_STRING_H 1
| #define HAVE_MEMORY_H 1
| #define HAVE_STRINGS_H 1
| #define HAVE_INTTYPES_H 1
| #define HAVE_STDINT_H 1
| #define HAVE_UNISTD_H 1
| #define HAVE__BOOL 1
| #define HAVE_STDBOOL_H 1
| #define HAVE_MALLOC_H /**/
| #define HAVE_STRUCT_MALLINFO /**/
| /* end confdefs.h.  */
| 
| int
| main ()
| {
|         long val = 1;
|         char *c = (char *) &val;
|         exit(*c == 1);
| 
|   ;
|   return 0;
| }
| 
configure:4948: result: little
configure:5067: checking for mlockall
configure:5067: gcc -o conftest -g -O2   conftest.c  -levent >&5
configure:5067: $? = 0
configure:5067: result: yes
configure:5078: checking for getpagesizes
configure:5078: gcc -o conftest -g -O2   conftest.c  -levent >&5
/tmp/ccpU4cdu.o: In function `main':
/root/Yi/tmp_asplos/Rollable/apps/memcached/conftest.c:62: undefined reference to `getpagesizes'
collect2: error: ld returned 1 exit status
configure:5078: $? = 1
configure: failed program was:
| /* confdefs.h */
| #define PACKAGE_NAME "memcached"
| #define PACKAGE_TARNAME "memcached"
| #define PACKAGE_VERSION "1.2.5"
| #define PACKAGE_STRING "memcached 1.2.5"
| #define PACKAGE_BUGREPORT "brad@danga.com"
| #define PACKAGE_URL ""
| #define PACKAGE "memcached"
| #define VERSION "1.2.5"
| #define HAVE_DAEMON /**/
| #define STDC_HEADERS 1
| #define HAVE_SYS_TYPES_H 1
| #define HAVE_SYS_STAT_H 1
| #define HAVE_STDLIB_H 1
| #define HAVE_STRING_H 1
| #define HAVE_MEMORY_H 1
| #define HAVE_STRINGS_H 1
| #define HAVE_INTTYPES_H 1
| #define HAVE_STDINT_H 1
| #define HAVE_UNISTD_H 1
| #define HAVE__BOOL 1
| #define HAVE_STDBOOL_H 1
| #define HAVE_MALLOC_H /**/
| #define HAVE_STRUCT_MALLINFO /**/
| #define ENDIAN_LITTLE 1
| #define HAVE_MLOCKALL 1
| /* end confdefs.h.  */
| /* Define getpagesizes to an innocuous variant, in case <limits.h> declares getpagesizes.
|    For example, HP-UX 11i <limits.h> declares gettimeofday.  */
| #define getpagesizes innocuous_getpagesizes
| 
| /* System header to define __stub macros and hopefully few prototypes,
|     which can conflict with char getpagesizes (); below.
|     Prefer <limits.h> to <assert.h> if __STDC__ is defined, since
|     <limits.h> exists even on freestanding compilers.  */
| 
| #ifdef __STDC__
| # include <limits.h>
| #else
| # include <assert.h>
| #endif
| 
| #undef getpagesizes
| 
| /* Override any GCC internal prototype to avoid an error.
|    Use char because int might match the return type of a GCC
|    builtin and then its argument prototype would still apply.  */
| #ifdef __cplusplus
| extern "C"
| #endif
| char getpagesizes ();
| /* The GNU C library defines this for functions which it implements
|     to always fail with ENOSYS.  Some functions are actually named
|     something starting with __ and the normal name is an alias.  */
| #if defined __stub_getpagesizes || defined __stub___getpagesizes
| choke me
| #endif
| 
| int
| main ()
| {
| return getpagesizes ();
|   ;
|   return 0;
| }
configure:5078: result: no
configure:5089: checking for memcntl
configure:5089: gcc -o conftest -g -O2   conftest.c  -levent >&5
/tmp/ccIapeIp.o: In function `main':
/root/Yi/tmp_asplos/Rollable/apps/memcached/conftest.c:62: undefined reference to `memcntl'
collect2: error: ld returned 1 exit status
configure:5089: $? = 1
configure: failed program was:
| /* confdefs.h */
| #define PACKAGE_NAME "memcached"
| #define PACKAGE_TARNAME "memcached"
| #define PACKAGE_VERSION "1.2.5"
| #define PACKAGE_STRING "memcached 1.2.5"
| #define PACKAGE_BUGREPORT "brad@danga.com"
| #define PACKAGE_URL ""
| #define PACKAGE "memcached"
| #define VERSION "1.2.5"
| #define HAVE_DAEMON /**/
| #define STDC_HEADERS 1
| #define HAVE_SYS_TYPES_H 1
| #define HAVE_SYS_STAT_H 1
| #define HAVE_STDLIB_H 1
| #define HAVE_STRING_H 1
| #define HAVE_MEMORY_H 1
| #define HAVE_STRINGS_H 1
| #define HAVE_INTTYPES_H 1
| #define HAVE_STDINT_H 1
| #define HAVE_UNISTD_H 1
| #define HAVE__BOOL 1
| #define HAVE_STDBOOL_H 1
| #define HAVE_MALLOC_H /**/
| #define HAVE_STRUCT_MALLINFO /**/
| #define ENDIAN_LITTLE 1
| #define HAVE_MLOCKALL 1
| /* end confdefs.h.  */
| /* Define memcntl to an innocuous variant, in case <limits.h> declares memcntl.
|    For example, HP-UX 11i <limits.h> declares gettimeofday.  */
| #define memcntl innocuous_memcntl
| 
| /* System header to define __stub macros and hopefully few prototypes,
|     which can conflict with char memcntl (); below.
|     Prefer <limits.h> to <assert.h> if __STDC__ is defined, since
|     <limits.h> exists even on freestanding compilers.  */
| 
| #ifdef __STDC__
| # include <limits.h>
| #else
| # include <assert.h>
| #endif
| 
| #undef memcntl
| 
| /* Override any GCC internal prototype to avoid an error.
|    Use char because int might match the return type of a GCC
|    builtin and then its argument prototype would still apply.  */
| #ifdef __cplusplus
| extern "C"
| #endif
| char memcntl ();
| /* The GNU C library defines this for functions which it implements
|     to always fail with ENOSYS.  Some functions are actually named
|     something starting with __ and the normal name is an alias.  */
| #if defined __stub_memcntl || defined __stub___memcntl
| choke me
| #endif
| 
| int
| main ()
| {
| return memcntl ();
|   ;
|   return 0;
| }
configure:5089: result: no
configure:5223: creating ./config.status

## ---------------------- ##
## Running config.status. ##
## ---------------------- ##

This file was extended by memcached config.status 1.2.5, which was
generated by GNU Autoconf 2.69.  Invocation command line was

  CONFIG_FILES    = 
  CONFIG_HEADERS  = 
  CONFIG_LINKS    = 
  CONFIG_COMMANDS = 
  $ ./config.status 

on AEP1

config.status:862: creating Makefile
config.status:862: creating doc/Makefile
config.status:862: creating config.h
config.status:1037: config.h is unchanged
config.status:1084: executing depfiles commands

## ---------------- ##
## Cache variables. ##
## ---------------- ##

ac_cv_build=x86_64-unknown-linux-gnu
ac_cv_c_compiler_gnu=yes
ac_cv_c_const=yes
ac_cv_c_endian=little
ac_cv_c_socklen_t=yes
ac_cv_env_CC_set=
ac_cv_env_CC_value=
ac_cv_env_CFLAGS_set=
ac_cv_env_CFLAGS_value=
ac_cv_env_CPPFLAGS_set=
ac_cv_env_CPPFLAGS_value=
ac_cv_env_CPP_set=
ac_cv_env_CPP_value=
ac_cv_env_LDFLAGS_set=
ac_cv_env_LDFLAGS_value=
ac_cv_env_LIBS_set=
ac_cv_env_LIBS_value=
ac_cv_env_build_alias_set=
ac_cv_env_build_alias_value=
ac_cv_env_host_alias_set=
ac_cv_env_host_alias_value=
ac_cv_env_target_alias_set=
ac_cv_env_target_alias_value=
ac_cv_func_daemon=yes
ac_cv_func_getpagesizes=no
ac_cv_func_memcntl=no
ac_cv_func_mlockall=yes
ac_cv_header_inttypes_h=yes
ac_cv_header_malloc_h=yes
ac_cv_header_memory_h=yes
ac_cv_header_stdbool_h=yes
ac_cv_header_stdc=yes
ac_cv_header_stdint_h=yes
ac_cv_header_stdlib_h=yes
ac_cv_header_string_h=yes
ac_cv_header_strings_h=yes
ac_cv_header_sys_stat_h=yes
ac_cv_header_sys_types_h=yes
ac_cv_header_unistd_h=yes
ac_cv_host=x86_64-unknown-linux-gnu
ac_cv_libevent_dir='(system)'
ac_cv_member_struct_mallinfo_arena=yes
ac_cv_objext=o
ac_cv_path_EGREP='/usr/bin/grep -E'
ac_cv_path_GREP=/usr/bin/grep
ac_cv_path_install='/usr/local/bin/install -c'
ac_cv_prog_AWK=gawk
ac_cv_prog_CPP='gcc -E'
ac_cv_prog_ac_ct_CC=gcc
ac_cv_prog_cc_c89=
ac_cv_prog_cc_g=yes
ac_cv_prog_cc_gcc_c_o=yes
ac_cv_prog_make_make_set=yes
ac_cv_search_gethostbyname='none required'
ac_cv_search_mallinfo='none required'
ac_cv_search_socket='none required'
ac_cv_target=x86_64-unknown-linux-gnu
ac_cv_type__Bool=yes
am_cv_CC_dependencies_compiler_type=gcc3

## ----------------- ##
## Output variables. ##
## ----------------- ##

ACLOCAL='${SHELL} /root/Yi/tmp_asplos/Rollable/apps/memcached/missing --run aclocal-1.9'
AMDEPBACKSLASH='\'
AMDEP_FALSE='#'
AMDEP_TRUE=''
AMTAR='${SHELL} /root/Yi/tmp_asplos/Rollable/apps/memcached/missing --run tar'
AUTOCONF='${SHELL} /root/Yi/tmp_asplos/Rollable/apps/memcached/missing --run autoconf'
AUTOHEADER='${SHELL} /root/Yi/tmp_asplos/Rollable/apps/memcached/missing --run autoheader'
AUTOMAKE='${SHELL} /root/Yi/tmp_asplos/Rollable/apps/memcached/missing --run automake-1.9'
AWK='gawk'
CC='gcc'
CCDEPMODE='depmode=gcc3'
CFLAGS='-g -O2'
CPP='gcc -E'
CPPFLAGS=''
CYGPATH_W='echo'
DEFS='-DHAVE_CONFIG_H'
DEPDIR='.deps'
ECHO_C=''
ECHO_N='-n'
ECHO_T=''
EGREP='/usr/bin/grep -E'
EXEEXT=''
GREP='/usr/bin/grep'
INSTALL_DATA='${INSTALL} -m 644'
INSTALL_PROGRAM='${INSTALL}'
INSTALL_SCRIPT='${INSTALL}'
INSTALL_STRIP_PROGRAM='${SHELL} $(install_sh) -c -s'
LDFLAGS=''
LIBOBJS=''
LIBS=' -levent'
LTLIBOBJS=''
MAKEINFO='${SHELL} /root/Yi/tmp_asplos/Rollable/apps/memcached/missing --run makeinfo'
OBJEXT='o'
PACKAGE='memcached'
PACKAGE_BUGREPORT='brad@danga.com'
PACKAGE_NAME='memcached'
PACKAGE_STRING='memcached 1.2.5'
PACKAGE_TARNAME='memcached'
PACKAGE_URL=''
PACKAGE_VERSION='1.2.5'
PATH_SEPARATOR=':'
SET_MAKE=''
SHELL='/bin/sh'
STRIP=''
VERSION='1.2.5'
ac_ct_CC='gcc'
am__fastdepCC_FALSE='#'
am__fastdepCC_TRUE=''
am__include='include'
am__leading_dot='.'
am__quote=''
am__tar='${AMTAR} chof - "$$tardir"'
am__untar='${AMTAR} xf -'
bindir='${exec_prefix}/bin'
build='x86_64-unknown-linux-gnu'
build_alias=''
build_cpu='x86_64'
build_os='linux-gnu'
build_vendor='unknown'
datadir='${datarootdir}'
datarootdir='${prefix}/share'
docdir='${datarootdir}/doc/${PACKAGE_TARNAME}'
dvidir='${docdir}'
exec_prefix='${prefix}'
host='x86_64-unknown-linux-gnu'
host_alias=''
host_cpu='x86_64'
host_os='linux-gnu'
host_vendor='unknown'
htmldir='${docdir}'
includedir='${prefix}/include'
infodir='${datarootdir}/info'
install_sh='/root/Yi/tmp_asplos/Rollable/apps/memcached/install-sh'
libdir='${exec_prefix}/lib'
libexecdir='${exec_prefix}/libexec'
localedir='${datarootdir}/locale'
localstatedir='${prefix}/var'
mandir='${datarootdir}/man'
mkdir_p='mkdir -p --'
oldincludedir='/usr/include'
pdfdir='${docdir}'
prefix='/usr/local'
program_transform_name='s,x,x,'
psdir='${docdir}'
sbindir='${exec_prefix}/sbin'
sharedstatedir='${prefix}/com'
sysconfdir='${prefix}/etc'
target='x86_64-unknown-linux-gnu'
target_alias=''
target_cpu='x86_64'
target_os='linux-gnu'
target_vendor='unknown'

## ----------- ##
## confdefs.h. ##
## ----------- ##

/* confdefs.h */
#define PACKAGE_NAME "memcached"
#define PACKAGE_TARNAME "memcached"
#define PACKAGE_VERSION "1.2.5"
#define PACKAGE_STRING "memcached 1.2.5"
#define PACKAGE_BUGREPORT "brad@danga.com"
#define PACKAGE_URL ""
#define PACKAGE "memcached"
#define VERSION "1.2.5"
#define HAVE_DAEMON /**/
#define STDC_HEADERS 1
#define HAVE_SYS_TYPES_H 1
#define HAVE_SYS_STAT_H 1
#define HAVE_STDLIB_H 1
#define HAVE_STRING_H 1
#define HAVE_MEMORY_H 1
#define HAVE_STRINGS_H 1
#define HAVE_INTTYPES_H 1
#define HAVE_STDINT_H 1
#define HAVE_UNISTD_H 1
#define HAVE__BOOL 1
#define HAVE_STDBOOL_H 1
#define HAVE_MALLOC_H /**/
#define HAVE_STRUCT_MALLINFO /**/
#define ENDIAN_LITTLE 1
#define HAVE_MLOCKALL 1

configure: exit 0
